c:\users\jinho\onedrive\바탕 화면\sw\c++\computer graphic design\labs\x64\release\vc142.pdb
c:\users\jinho\onedrive\바탕 화면\sw\c++\computer graphic design\labs\x64\release\lab08_main.obj
c:\users\jinho\onedrive\바탕 화면\sw\c++\computer graphic design\labs\x64\release\lab09_main.obj
c:\users\jinho\onedrive\바탕 화면\sw\c++\computer graphic design\labs\x64\release\lab05_main.obj
c:\users\jinho\onedrive\바탕 화면\sw\c++\computer graphic design\labs\x64\release\forstudy.obj
c:\users\jinho\onedrive\바탕 화면\sw\c++\computer graphic design\labs\x64\release\hw3_main.obj
c:\users\jinho\onedrive\바탕 화면\sw\c++\computer graphic design\labs\x64\release\hw2_main.obj
c:\users\jinho\onedrive\바탕 화면\sw\c++\computer graphic design\labs\x64\release\lab10_main.obj
c:\users\jinho\onedrive\바탕 화면\sw\c++\computer graphic design\labs\x64\release\lab11_main.obj
c:\users\jinho\onedrive\바탕 화면\sw\c++\computer graphic design\labs\x64\release\bmpfuncs.obj
c:\users\jinho\onedrive\바탕 화면\sw\c++\computer graphic design\labs\x64\release\lab12_main.obj
c:\users\jinho\onedrive\바탕 화면\sw\c++\computer graphic design\labs\x64\release\lab14_main.obj
c:\users\jinho\onedrive\바탕 화면\sw\c++\computer graphic design\labs\x64\release\labs.ipdb
c:\users\jinho\onedrive\바탕 화면\sw\c++\computer graphic design\labs\x64\release\labs.iobj
c:\users\jinho\onedrive\바탕 화면\sw\c++\computer graphic design\labs\x64\release\labs.pdb
c:\users\jinho\onedrive\바탕 화면\sw\c++\computer graphic design\labs\x64\release\labs.tlog\cl.command.1.tlog
c:\users\jinho\onedrive\바탕 화면\sw\c++\computer graphic design\labs\x64\release\labs.tlog\cl.read.1.tlog
c:\users\jinho\onedrive\바탕 화면\sw\c++\computer graphic design\labs\x64\release\labs.tlog\cl.write.1.tlog
c:\users\jinho\onedrive\바탕 화면\sw\c++\computer graphic design\labs\x64\release\labs.tlog\labs.write.1u.tlog
c:\users\jinho\onedrive\바탕 화면\sw\c++\computer graphic design\labs\x64\release\labs.tlog\link.command.1.tlog
c:\users\jinho\onedrive\바탕 화면\sw\c++\computer graphic design\labs\x64\release\labs.tlog\link.delete.1.tlog
c:\users\jinho\onedrive\바탕 화면\sw\c++\computer graphic design\labs\x64\release\labs.tlog\link.read.1.tlog
c:\users\jinho\onedrive\바탕 화면\sw\c++\computer graphic design\labs\x64\release\labs.tlog\link.write.1.tlog
