  lab05_main.cpp
C:\Users\jinho\OneDrive\바탕 화면\sw\C++\Computer Graphic Design\Lab5\lab05_main.cpp(128,25): warning C4244: '인수': 'int'에서 'GLfloat'(으)로 변환하면서 데이터가 손실될 수 있습니다.
C:\Users\jinho\OneDrive\바탕 화면\sw\C++\Computer Graphic Design\Lab5\lab05_main.cpp(128,16): warning C4244: '인수': 'int'에서 'GLfloat'(으)로 변환하면서 데이터가 손실될 수 있습니다.
C:\Users\jinho\OneDrive\바탕 화면\sw\C++\Computer Graphic Design\Lab5\lab05_main.cpp(129,13): warning C4244: '인수': 'double'에서 'GLfloat'(으)로 변환하면서 데이터가 손실될 수 있습니다.
C:\Users\jinho\OneDrive\바탕 화면\sw\C++\Computer Graphic Design\Lab5\lab05_main.cpp(130,26): warning C4244: '인수': 'int'에서 'GLfloat'(으)로 변환하면서 데이터가 손실될 수 있습니다.
C:\Users\jinho\OneDrive\바탕 화면\sw\C++\Computer Graphic Design\Lab5\lab05_main.cpp(130,16): warning C4244: '인수': 'int'에서 'GLfloat'(으)로 변환하면서 데이터가 손실될 수 있습니다.
C:\Users\jinho\OneDrive\바탕 화면\sw\C++\Computer Graphic Design\Lab5\lab05_main.cpp(136,25): warning C4244: '인수': 'int'에서 'GLfloat'(으)로 변환하면서 데이터가 손실될 수 있습니다.
C:\Users\jinho\OneDrive\바탕 화면\sw\C++\Computer Graphic Design\Lab5\lab05_main.cpp(136,16): warning C4244: '인수': 'int'에서 'GLfloat'(으)로 변환하면서 데이터가 손실될 수 있습니다.
C:\Users\jinho\OneDrive\바탕 화면\sw\C++\Computer Graphic Design\Lab5\lab05_main.cpp(137,26): warning C4244: '인수': 'int'에서 'GLfloat'(으)로 변환하면서 데이터가 손실될 수 있습니다.
C:\Users\jinho\OneDrive\바탕 화면\sw\C++\Computer Graphic Design\Lab5\lab05_main.cpp(137,16): warning C4244: '인수': 'int'에서 'GLfloat'(으)로 변환하면서 데이터가 손실될 수 있습니다.
C:\Users\jinho\OneDrive\바탕 화면\sw\C++\Computer Graphic Design\Lab5\lab05_main.cpp(138,13): warning C4244: '인수': 'double'에서 'GLfloat'(으)로 변환하면서 데이터가 손실될 수 있습니다.
C:\Users\jinho\OneDrive\바탕 화면\sw\C++\Computer Graphic Design\Lab5\lab05_main.cpp(144,26): warning C4244: '인수': 'int'에서 'GLfloat'(으)로 변환하면서 데이터가 손실될 수 있습니다.
C:\Users\jinho\OneDrive\바탕 화면\sw\C++\Computer Graphic Design\Lab5\lab05_main.cpp(144,16): warning C4244: '인수': 'int'에서 'GLfloat'(으)로 변환하면서 데이터가 손실될 수 있습니다.
C:\Users\jinho\OneDrive\바탕 화면\sw\C++\Computer Graphic Design\Lab5\lab05_main.cpp(145,13): warning C4244: '인수': 'double'에서 'GLfloat'(으)로 변환하면서 데이터가 손실될 수 있습니다.
C:\Users\jinho\OneDrive\바탕 화면\sw\C++\Computer Graphic Design\Lab5\lab05_main.cpp(146,25): warning C4244: '인수': 'int'에서 'GLfloat'(으)로 변환하면서 데이터가 손실될 수 있습니다.
C:\Users\jinho\OneDrive\바탕 화면\sw\C++\Computer Graphic Design\Lab5\lab05_main.cpp(146,16): warning C4244: '인수': 'int'에서 'GLfloat'(으)로 변환하면서 데이터가 손실될 수 있습니다.
  코드를 생성하고 있습니다.
  2 of 27 functions ( 7.4%) were compiled, the rest were copied from previous compilation.
    0 functions were new in current compilation
    0 functions had inline decision re-evaluated but remain unchanged
  코드를 생성했습니다.
  Lab05.vcxproj -> C:\Users\jinho\OneDrive\바탕 화면\sw\C++\Computer Graphic Design\Lab5\x64\Release\Lab05.exe
